

Started GET "/restaurants" for 89.73.64.166 at 2012-01-06 16:01:02 +0100
  Processing by RestaurantsController#index as HTML
Completed 500 Internal Server Error in 1ms

ActiveRecord::StatementInvalid (Could not find table 'restaurants'):
  app/controllers/restaurants_controller.rb:5:in `index'

Rendered /home/studinf/usawicka/.gems/ruby/1.9.1/gems/actionpack-3.1.2/lib/action_dispatch/middleware/templates/rescues/_trace.erb (1.1ms)
Rendered /home/studinf/usawicka/.gems/ruby/1.9.1/gems/actionpack-3.1.2/lib/action_dispatch/middleware/templates/rescues/_request_and_response.erb (0.8ms)
Rendered /home/studinf/usawicka/.gems/ruby/1.9.1/gems/actionpack-3.1.2/lib/action_dispatch/middleware/templates/rescues/diagnostics.erb within rescues/layout (32.9ms)


Started GET "/assets/rails.png" for 89.73.64.166 at 2012-01-06 16:01:08 +0100
Served asset /rails.png - 200 OK (54ms)


Started GET "/" for 89.73.64.166 at 2012-01-06 16:04:14 +0100
  Processing by RestaurantsController#index as HTML
Completed 500 Internal Server Error in 1ms

ActiveRecord::StatementInvalid (Could not find table 'restaurants'):
  app/controllers/restaurants_controller.rb:5:in `index'

Rendered /home/studinf/usawicka/.gems/ruby/1.9.1/gems/actionpack-3.1.2/lib/action_dispatch/middleware/templates/rescues/_trace.erb (1.1ms)
Rendered /home/studinf/usawicka/.gems/ruby/1.9.1/gems/actionpack-3.1.2/lib/action_dispatch/middleware/templates/rescues/_request_and_response.erb (0.8ms)
Rendered /home/studinf/usawicka/.gems/ruby/1.9.1/gems/actionpack-3.1.2/lib/action_dispatch/middleware/templates/rescues/diagnostics.erb within rescues/layout (24.2ms)
  [1m[36m (0.1ms)[0m  [1mselect sqlite_version(*)[0m
  [1m[35m (119.8ms)[0m  CREATE TABLE "schema_migrations" ("version" varchar(255) NOT NULL) 
  [1m[36m (0.0ms)[0m  [1mPRAGMA index_list("schema_migrations")[0m
  [1m[35m (250.1ms)[0m  CREATE UNIQUE INDEX "unique_schema_migrations" ON "schema_migrations" ("version")
  [1m[36m (119.4ms)[0m  [1mSELECT "schema_migrations"."version" FROM "schema_migrations" [0m
Migrating to CreateRestaurants (20120106145912)
  [1m[35m (205.6ms)[0m  CREATE TABLE "restaurants" ("id" INTEGER PRIMARY KEY AUTOINCREMENT NOT NULL, "name" varchar(255), "description" varchar(255), "created_at" datetime, "updated_at" datetime) 
  [1m[36m (0.1ms)[0m  [1mINSERT INTO "schema_migrations" ("version") VALUES ('20120106145912')[0m
  [1m[35m (159.1ms)[0m  select sqlite_version(*)
  [1m[36m (138.4ms)[0m  [1mSELECT "schema_migrations"."version" FROM "schema_migrations" [0m
  [1m[35m (0.0ms)[0m  PRAGMA index_list("restaurants")


Started GET "/" for 89.73.64.166 at 2012-01-06 16:05:53 +0100
  Processing by RestaurantsController#index as HTML
  [1m[36mRestaurant Load (120.2ms)[0m  [1mSELECT "restaurants".* FROM "restaurants" [0m
Rendered restaurants/index.html.erb within layouts/application (18.6ms)
Compiled restaurants.css  (15ms)  (pid 28333)
Compiled scaffolds.css  (50ms)  (pid 28333)
Compiled application.css  (183ms)  (pid 28333)
Compiled jquery.js  (38ms)  (pid 28333)
Compiled jquery_ujs.js  (37ms)  (pid 28333)
Compiled restaurants.js  (232ms)  (pid 28333)
Compiled application.js  (659ms)  (pid 28333)
Completed 200 OK in 1590ms (Views: 1469.0ms | ActiveRecord: 120.2ms)


Started GET "/assets/application.css?body=1" for 89.73.64.166 at 2012-01-06 16:05:56 +0100
Served asset /application.css - 200 OK (13ms)


Started GET "/assets/restaurants.css?body=1" for 89.73.64.166 at 2012-01-06 16:05:56 +0100
Served asset /restaurants.css - 200 OK (3ms)


Started GET "/assets/scaffolds.css?body=1" for 89.73.64.166 at 2012-01-06 16:05:56 +0100
Served asset /scaffolds.css - 200 OK (3ms)


Started GET "/assets/jquery_ujs.js?body=1" for 89.73.64.166 at 2012-01-06 16:05:56 +0100
Served asset /jquery_ujs.js - 200 OK (4ms)


Started GET "/assets/jquery.js?body=1" for 89.73.64.166 at 2012-01-06 16:05:56 +0100
Served asset /jquery.js - 200 OK (4ms)


Started GET "/assets/restaurants.js?body=1" for 89.73.64.166 at 2012-01-06 16:05:56 +0100
Served asset /restaurants.js - 200 OK (2ms)


Started GET "/assets/application.js?body=1" for 89.73.64.166 at 2012-01-06 16:05:56 +0100
Served asset /application.js - 200 OK (7ms)


Started GET "/" for 89.73.64.166 at 2012-01-06 16:15:16 +0100
  Processing by RestaurantsController#index as HTML
  [1m[36mRestaurant Load (118.7ms)[0m  [1mSELECT "restaurants".* FROM "restaurants" [0m
Rendered restaurants/index.html.erb within layouts/application (18.5ms)
Completed 200 OK in 449ms (Views: 329.7ms | ActiveRecord: 118.7ms)


Started GET "/assets/application.css?body=1" for 89.73.64.166 at 2012-01-06 16:15:17 +0100
Served asset /application.css - 304 Not Modified (11ms)


Started GET "/assets/scaffolds.css?body=1" for 89.73.64.166 at 2012-01-06 16:15:17 +0100
Served asset /scaffolds.css - 304 Not Modified (3ms)


Started GET "/assets/jquery.js?body=1" for 89.73.64.166 at 2012-01-06 16:15:17 +0100
Served asset /jquery.js - 304 Not Modified (4ms)


Started GET "/assets/restaurants.css?body=1" for 89.73.64.166 at 2012-01-06 16:15:17 +0100
Served asset /restaurants.css - 304 Not Modified (4ms)


Started GET "/assets/jquery_ujs.js?body=1" for 89.73.64.166 at 2012-01-06 16:15:17 +0100
Served asset /jquery_ujs.js - 304 Not Modified (3ms)


Started GET "/assets/restaurants.js?body=1" for 89.73.64.166 at 2012-01-06 16:15:17 +0100
Served asset /restaurants.js - 304 Not Modified (2ms)


Started GET "/assets/application.js?body=1" for 89.73.64.166 at 2012-01-06 16:15:17 +0100
Served asset /application.js - 304 Not Modified (34ms)


Started GET "/" for 89.73.64.166 at 2012-01-06 16:20:25 +0100
  Processing by RestaurantsController#index as HTML
  [1m[36mRestaurant Load (120.1ms)[0m  [1mSELECT "restaurants".* FROM "restaurants" [0m
Rendered restaurants/index.html.erb within layouts/application (18.8ms)
Compiled restaurants.css  (72ms)  (pid 29085)
Compiled scaffolds.css  (216ms)  (pid 29085)
Compiled application.css  (7ms)  (pid 29085)
Completed 200 OK in 1013ms (Views: 891.9ms | ActiveRecord: 120.1ms)


Started GET "/assets/application.css?body=1" for 89.73.64.166 at 2012-01-06 16:20:27 +0100
Served asset /application.css - 304 Not Modified (48ms)


Started GET "/assets/restaurants.css?body=1" for 89.73.64.166 at 2012-01-06 16:20:27 +0100
Served asset /restaurants.css - 200 OK (4ms)


Started GET "/assets/scaffolds.css?body=1" for 89.73.64.166 at 2012-01-06 16:20:27 +0100
Served asset /scaffolds.css - 200 OK (3ms)


Started GET "/assets/jquery_ujs.js?body=1" for 89.73.64.166 at 2012-01-06 16:20:27 +0100
Served asset /jquery_ujs.js - 304 Not Modified (4ms)


Started GET "/assets/jquery.js?body=1" for 89.73.64.166 at 2012-01-06 16:20:27 +0100
Served asset /jquery.js - 304 Not Modified (4ms)


Started GET "/assets/restaurants.js?body=1" for 89.73.64.166 at 2012-01-06 16:20:27 +0100
Served asset /restaurants.js - 304 Not Modified (2ms)


Started GET "/assets/application.js?body=1" for 89.73.64.166 at 2012-01-06 16:20:27 +0100
Served asset /application.js - 304 Not Modified (6ms)


Started GET "/assets/images/indeks.png" for 89.73.64.166 at 2012-01-06 16:20:27 +0100
Served asset /images/indeks.png - 200 OK (95ms)


Started GET "/assets/images/bg_dotted.png" for 89.73.64.166 at 2012-01-06 16:20:27 +0100
Served asset /images/bg_dotted.png - 200 OK (23ms)


Started GET "/" for 89.73.64.166 at 2012-01-06 16:23:14 +0100
  Processing by RestaurantsController#index as HTML
  [1m[36mRestaurant Load (120.7ms)[0m  [1mSELECT "restaurants".* FROM "restaurants" [0m
Rendered restaurants/index.html.erb within layouts/application (18.7ms)
Compiled application.css  (1ms)  (pid 29259)
Completed 200 OK in 562ms (Views: 440.6ms | ActiveRecord: 120.7ms)


Started GET "/assets/application.css?body=1" for 89.73.64.166 at 2012-01-06 16:23:15 +0100
Served asset /application.css - 304 Not Modified (14ms)


Started GET "/assets/jquery_ujs.js?body=1" for 89.73.64.166 at 2012-01-06 16:23:15 +0100
Served asset /jquery_ujs.js - 304 Not Modified (4ms)


Started GET "/assets/restaurants.css?body=1" for 89.73.64.166 at 2012-01-06 16:23:15 +0100
Served asset /restaurants.css - 304 Not Modified (3ms)


Started GET "/assets/restaurants.js?body=1" for 89.73.64.166 at 2012-01-06 16:23:15 +0100
Served asset /restaurants.js - 304 Not Modified (2ms)


Started GET "/assets/jquery.js?body=1" for 89.73.64.166 at 2012-01-06 16:23:15 +0100
Served asset /jquery.js - 304 Not Modified (4ms)


Started GET "/assets/scaffolds.css?body=1" for 89.73.64.166 at 2012-01-06 16:23:15 +0100
Served asset /scaffolds.css - 304 Not Modified (3ms)


Started GET "/assets/application.js?body=1" for 89.73.64.166 at 2012-01-06 16:23:15 +0100
Served asset /application.js - 304 Not Modified (33ms)


Started GET "/assets/images/indeks.png" for 89.73.64.166 at 2012-01-06 16:23:15 +0100
Served asset /images/indeks.png - 404 Not Found (41ms)

ActionController::RoutingError (No route matches [GET] "/assets/images/indeks.png"):
  

Rendered /home/studinf/usawicka/.gems/ruby/1.9.1/gems/actionpack-3.1.2/lib/action_dispatch/middleware/templates/rescues/routing_error.erb within rescues/layout (0.5ms)


Started GET "/assets/images/bg_dotted.png" for 89.73.64.166 at 2012-01-06 16:23:15 +0100
Served asset /images/bg_dotted.png - 404 Not Found (2ms)

ActionController::RoutingError (No route matches [GET] "/assets/images/bg_dotted.png"):
  

Rendered /home/studinf/usawicka/.gems/ruby/1.9.1/gems/actionpack-3.1.2/lib/action_dispatch/middleware/templates/rescues/routing_error.erb within rescues/layout (0.6ms)


Started GET "/" for 89.73.64.166 at 2012-01-06 16:23:21 +0100
  Processing by RestaurantsController#index as HTML
  [1m[35mRestaurant Load (79.9ms)[0m  SELECT "restaurants".* FROM "restaurants" 
Rendered restaurants/index.html.erb within layouts/application (0.4ms)
Completed 200 OK in 205ms (Views: 8.5ms | ActiveRecord: 195.8ms)


Started GET "/assets/application.css?body=1" for 89.73.64.166 at 2012-01-06 16:23:21 +0100
Served asset /application.css - 304 Not Modified (0ms)


Started GET "/assets/jquery.js?body=1" for 89.73.64.166 at 2012-01-06 16:23:21 +0100
Served asset /jquery.js - 304 Not Modified (0ms)


Started GET "/assets/restaurants.js?body=1" for 89.73.64.166 at 2012-01-06 16:23:21 +0100
Served asset /restaurants.js - 304 Not Modified (0ms)


Started GET "/assets/scaffolds.css?body=1" for 89.73.64.166 at 2012-01-06 16:23:21 +0100
Served asset /scaffolds.css - 304 Not Modified (0ms)


Started GET "/assets/restaurants.css?body=1" for 89.73.64.166 at 2012-01-06 16:23:21 +0100
Served asset /restaurants.css - 304 Not Modified (0ms)


Started GET "/assets/jquery_ujs.js?body=1" for 89.73.64.166 at 2012-01-06 16:23:21 +0100
Served asset /jquery_ujs.js - 304 Not Modified (0ms)


Started GET "/assets/application.js?body=1" for 89.73.64.166 at 2012-01-06 16:23:21 +0100
Served asset /application.js - 304 Not Modified (0ms)


Started GET "/assets/images/indeks.png" for 89.73.64.166 at 2012-01-06 16:23:22 +0100
Served asset /images/indeks.png - 404 Not Found (41ms)

ActionController::RoutingError (No route matches [GET] "/assets/images/indeks.png"):
  

Rendered /home/studinf/usawicka/.gems/ruby/1.9.1/gems/actionpack-3.1.2/lib/action_dispatch/middleware/templates/rescues/routing_error.erb within rescues/layout (0.5ms)


Started GET "/assets/images/bg_dotted.png" for 89.73.64.166 at 2012-01-06 16:23:22 +0100
Served asset /images/bg_dotted.png - 404 Not Found (2ms)

ActionController::RoutingError (No route matches [GET] "/assets/images/bg_dotted.png"):
  

Rendered /home/studinf/usawicka/.gems/ruby/1.9.1/gems/actionpack-3.1.2/lib/action_dispatch/middleware/templates/rescues/routing_error.erb within rescues/layout (0.5ms)


Started GET "/" for 89.73.64.166 at 2012-01-06 17:05:42 +0100
  Processing by RestaurantsController#index as HTML
  [1m[36mRestaurant Load (119.1ms)[0m  [1mSELECT "restaurants".* FROM "restaurants" [0m
Rendered restaurants/index.html.erb within layouts/application (18.9ms)
Completed 200 OK in 334ms (Views: 214.3ms | ActiveRecord: 119.1ms)


Started GET "/assets/application.css?body=1" for 89.73.64.166 at 2012-01-06 17:05:43 +0100
Served asset /application.css - 304 Not Modified (46ms)


Started GET "/assets/restaurants.css?body=1" for 89.73.64.166 at 2012-01-06 17:05:43 +0100
Served asset /restaurants.css - 304 Not Modified (3ms)


Started GET "/assets/jquery.js?body=1" for 89.73.64.166 at 2012-01-06 17:05:43 +0100
Served asset /jquery.js - 304 Not Modified (4ms)


Started GET "/assets/restaurants.js?body=1" for 89.73.64.166 at 2012-01-06 17:05:43 +0100
Served asset /restaurants.js - 304 Not Modified (2ms)


Started GET "/assets/scaffolds.css?body=1" for 89.73.64.166 at 2012-01-06 17:05:43 +0100
Served asset /scaffolds.css - 304 Not Modified (3ms)


Started GET "/assets/jquery_ujs.js?body=1" for 89.73.64.166 at 2012-01-06 17:05:43 +0100
Served asset /jquery_ujs.js - 304 Not Modified (3ms)


Started GET "/assets/application.js?body=1" for 89.73.64.166 at 2012-01-06 17:05:43 +0100
Served asset /application.js - 304 Not Modified (67ms)


Started GET "/assets/images/indeks.png" for 89.73.64.166 at 2012-01-06 17:05:44 +0100
Served asset /images/indeks.png - 404 Not Found (2ms)

ActionController::RoutingError (No route matches [GET] "/assets/images/indeks.png"):
  

Rendered /home/studinf/usawicka/.gems/ruby/1.9.1/gems/actionpack-3.1.2/lib/action_dispatch/middleware/templates/rescues/routing_error.erb within rescues/layout (0.5ms)


Started GET "/assets/images/bg_dotted.png" for 89.73.64.166 at 2012-01-06 17:05:44 +0100
Served asset /images/bg_dotted.png - 404 Not Found (2ms)

ActionController::RoutingError (No route matches [GET] "/assets/images/bg_dotted.png"):
  

Rendered /home/studinf/usawicka/.gems/ruby/1.9.1/gems/actionpack-3.1.2/lib/action_dispatch/middleware/templates/rescues/routing_error.erb within rescues/layout (0.5ms)


Started GET "/assets/SMEGALOM.TTF" for 89.73.64.166 at 2012-01-06 17:05:44 +0100
Served asset /SMEGALOM.TTF - 200 OK (24ms)


Started GET "/restaurants/new" for 89.73.64.166 at 2012-01-06 17:06:04 +0100
  Processing by RestaurantsController#new as HTML
Rendered restaurants/_form.html.erb (748.2ms)
Rendered restaurants/new.html.erb within layouts/application (769.0ms)
Completed 200 OK in 783ms (Views: 730.0ms | ActiveRecord: 52.5ms)


Started GET "/assets/application.css?body=1" for 89.73.64.166 at 2012-01-06 17:06:05 +0100
Served asset /application.css - 304 Not Modified (0ms)


Started GET "/assets/restaurants.js?body=1" for 89.73.64.166 at 2012-01-06 17:06:05 +0100
Served asset /restaurants.js - 304 Not Modified (0ms)


Started GET "/assets/restaurants.css?body=1" for 89.73.64.166 at 2012-01-06 17:06:06 +0100
Served asset /restaurants.css - 304 Not Modified (0ms)


Started GET "/assets/scaffolds.css?body=1" for 89.73.64.166 at 2012-01-06 17:06:06 +0100
Served asset /scaffolds.css - 304 Not Modified (0ms)


Started GET "/assets/jquery.js?body=1" for 89.73.64.166 at 2012-01-06 17:06:06 +0100
Served asset /jquery.js - 304 Not Modified (0ms)


Started GET "/assets/jquery_ujs.js?body=1" for 89.73.64.166 at 2012-01-06 17:06:06 +0100
Served asset /jquery_ujs.js - 304 Not Modified (0ms)


Started GET "/assets/application.js?body=1" for 89.73.64.166 at 2012-01-06 17:06:06 +0100
Served asset /application.js - 304 Not Modified (0ms)


Started GET "/assets/images/indeks.png" for 89.73.64.166 at 2012-01-06 17:06:06 +0100
Served asset /images/indeks.png - 404 Not Found (2ms)

ActionController::RoutingError (No route matches [GET] "/assets/images/indeks.png"):
  

Rendered /home/studinf/usawicka/.gems/ruby/1.9.1/gems/actionpack-3.1.2/lib/action_dispatch/middleware/templates/rescues/routing_error.erb within rescues/layout (0.5ms)


Started POST "/restaurants" for 89.73.64.166 at 2012-01-06 17:06:32 +0100
  Processing by RestaurantsController#create as HTML
  Parameters: {"utf8"=>"✓", "authenticity_token"=>"cPrJNwcFzAodu5GwaE7WrTzX82Oyd2izFFjRQLtF9h8=", "restaurant"=>{"name"=>"Da Grasso", "description"=>"Pizzeria"}, "commit"=>"Create Restaurant"}
  [1m[35mSQL (295.6ms)[0m  INSERT INTO "restaurants" ("created_at", "description", "name", "updated_at") VALUES (?, ?, ?, ?)  [["created_at", Fri, 06 Jan 2012 16:06:33 UTC +00:00], ["description", "Pizzeria"], ["name", "Da Grasso"], ["updated_at", Fri, 06 Jan 2012 16:06:33 UTC +00:00]]
Redirected to http://sigma.ug.edu.pl:16009/restaurants/1
Completed 302 Found in 578ms


Started GET "/restaurants/1" for 89.73.64.166 at 2012-01-06 17:06:33 +0100
  Processing by RestaurantsController#show as HTML
  Parameters: {"id"=>"1"}
  [1m[36mRestaurant Load (79.4ms)[0m  [1mSELECT "restaurants".* FROM "restaurants" WHERE "restaurants"."id" = ? LIMIT 1[0m  [["id", "1"]]
Rendered restaurants/show.html.erb within layouts/application (31.8ms)
Completed 200 OK in 289ms (Views: 115.3ms | ActiveRecord: 171.6ms)


Started GET "/assets/application.css?body=1" for 89.73.64.166 at 2012-01-06 17:06:34 +0100
Served asset /application.css - 304 Not Modified (0ms)


Started GET "/assets/scaffolds.css?body=1" for 89.73.64.166 at 2012-01-06 17:06:34 +0100
Served asset /scaffolds.css - 304 Not Modified (0ms)


Started GET "/assets/restaurants.css?body=1" for 89.73.64.166 at 2012-01-06 17:06:34 +0100
Served asset /restaurants.css - 304 Not Modified (0ms)


Started GET "/assets/restaurants.js?body=1" for 89.73.64.166 at 2012-01-06 17:06:34 +0100
Served asset /restaurants.js - 304 Not Modified (0ms)


Started GET "/assets/jquery_ujs.js?body=1" for 89.73.64.166 at 2012-01-06 17:06:34 +0100
Served asset /jquery_ujs.js - 304 Not Modified (0ms)


Started GET "/assets/jquery.js?body=1" for 89.73.64.166 at 2012-01-06 17:06:34 +0100
Served asset /jquery.js - 304 Not Modified (0ms)


Started GET "/assets/application.js?body=1" for 89.73.64.166 at 2012-01-06 17:06:34 +0100
Served asset /application.js - 304 Not Modified (0ms)


Started GET "/assets/images/indeks.png" for 89.73.64.166 at 2012-01-06 17:06:34 +0100
Served asset /images/indeks.png - 404 Not Found (40ms)

ActionController::RoutingError (No route matches [GET] "/assets/images/indeks.png"):
  

Rendered /home/studinf/usawicka/.gems/ruby/1.9.1/gems/actionpack-3.1.2/lib/action_dispatch/middleware/templates/rescues/routing_error.erb within rescues/layout (0.5ms)


Started GET "/restaurants" for 89.73.64.166 at 2012-01-06 17:06:46 +0100
  Processing by RestaurantsController#index as HTML
  [1m[35mRestaurant Load (39.9ms)[0m  SELECT "restaurants".* FROM "restaurants" 
Rendered restaurants/index.html.erb within layouts/application (5.6ms)
Completed 200 OK in 139ms (Views: 19.2ms | ActiveRecord: 119.0ms)


Started GET "/assets/application.css?body=1" for 89.73.64.166 at 2012-01-06 17:06:47 +0100
Served asset /application.css - 304 Not Modified (0ms)


Started GET "/assets/scaffolds.css?body=1" for 89.73.64.166 at 2012-01-06 17:06:47 +0100
Served asset /scaffolds.css - 304 Not Modified (0ms)


Started GET "/assets/jquery_ujs.js?body=1" for 89.73.64.166 at 2012-01-06 17:06:47 +0100
Served asset /jquery_ujs.js - 304 Not Modified (0ms)


Started GET "/assets/restaurants.css?body=1" for 89.73.64.166 at 2012-01-06 17:06:47 +0100
Served asset /restaurants.css - 304 Not Modified (0ms)


Started GET "/assets/restaurants.js?body=1" for 89.73.64.166 at 2012-01-06 17:06:47 +0100
Served asset /restaurants.js - 304 Not Modified (0ms)


Started GET "/assets/jquery.js?body=1" for 89.73.64.166 at 2012-01-06 17:06:47 +0100
Served asset /jquery.js - 304 Not Modified (0ms)


Started GET "/assets/application.js?body=1" for 89.73.64.166 at 2012-01-06 17:06:47 +0100
Served asset /application.js - 304 Not Modified (0ms)


Started GET "/assets/images/indeks.png" for 89.73.64.166 at 2012-01-06 17:06:47 +0100
Served asset /images/indeks.png - 404 Not Found (39ms)

ActionController::RoutingError (No route matches [GET] "/assets/images/indeks.png"):
  

Rendered /home/studinf/usawicka/.gems/ruby/1.9.1/gems/actionpack-3.1.2/lib/action_dispatch/middleware/templates/rescues/routing_error.erb within rescues/layout (0.5ms)


Started GET "/assets/images/bg_dotted.png" for 89.73.64.166 at 2012-01-06 17:06:47 +0100
Served asset /images/bg_dotted.png - 404 Not Found (2ms)

ActionController::RoutingError (No route matches [GET] "/assets/images/bg_dotted.png"):
  

Rendered /home/studinf/usawicka/.gems/ruby/1.9.1/gems/actionpack-3.1.2/lib/action_dispatch/middleware/templates/rescues/routing_error.erb within rescues/layout (0.5ms)


Started GET "/restaurants" for 89.73.64.166 at 2012-01-06 17:08:15 +0100
  Processing by RestaurantsController#index as HTML
  [1m[36mRestaurant Load (120.2ms)[0m  [1mSELECT "restaurants".* FROM "restaurants" [0m
Rendered restaurants/index.html.erb within layouts/application (25.0ms)
Completed 200 OK in 452ms (Views: 250.8ms | ActiveRecord: 200.1ms)


Started GET "/assets/application.css?body=1" for 89.73.64.166 at 2012-01-06 17:08:16 +0100
Served asset /application.css - 304 Not Modified (81ms)


Started GET "/assets/restaurants.css?body=1" for 89.73.64.166 at 2012-01-06 17:08:16 +0100
Served asset /restaurants.css - 304 Not Modified (3ms)


Started GET "/assets/jquery.js?body=1" for 89.73.64.166 at 2012-01-06 17:08:16 +0100
Served asset /jquery.js - 304 Not Modified (4ms)


Started GET "/assets/scaffolds.css?body=1" for 89.73.64.166 at 2012-01-06 17:08:16 +0100
Served asset /scaffolds.css - 304 Not Modified (4ms)


Started GET "/assets/restaurants.js?body=1" for 89.73.64.166 at 2012-01-06 17:08:16 +0100
Served asset /restaurants.js - 304 Not Modified (2ms)


Started GET "/assets/jquery_ujs.js?body=1" for 89.73.64.166 at 2012-01-06 17:08:16 +0100
Served asset /jquery_ujs.js - 304 Not Modified (4ms)


Started GET "/assets/application.js?body=1" for 89.73.64.166 at 2012-01-06 17:08:17 +0100
Served asset /application.js - 304 Not Modified (7ms)


Started GET "/assets/images/indeks.png" for 89.73.64.166 at 2012-01-06 17:08:17 +0100
Served asset /images/indeks.png - 404 Not Found (2ms)

ActionController::RoutingError (No route matches [GET] "/assets/images/indeks.png"):
  

Rendered /home/studinf/usawicka/.gems/ruby/1.9.1/gems/actionpack-3.1.2/lib/action_dispatch/middleware/templates/rescues/routing_error.erb within rescues/layout (0.5ms)


Started GET "/assets/SMEGALOM.TTF" for 89.73.64.166 at 2012-01-06 17:08:17 +0100
Served asset /SMEGALOM.TTF - 304 Not Modified (4ms)


Started GET "/assets/images/bg_dotted.png" for 89.73.64.166 at 2012-01-06 17:08:17 +0100
Served asset /images/bg_dotted.png - 404 Not Found (2ms)

ActionController::RoutingError (No route matches [GET] "/assets/images/bg_dotted.png"):
  

Rendered /home/studinf/usawicka/.gems/ruby/1.9.1/gems/actionpack-3.1.2/lib/action_dispatch/middleware/templates/rescues/routing_error.erb within rescues/layout (0.4ms)


Started GET "/restaurants/1" for 89.73.64.166 at 2012-01-06 17:08:42 +0100
  Processing by RestaurantsController#show as HTML
  Parameters: {"id"=>"1"}
  [1m[35mRestaurant Load (46.4ms)[0m  SELECT "restaurants".* FROM "restaurants" WHERE "restaurants"."id" = ? LIMIT 1  [["id", "1"]]
Rendered restaurants/show.html.erb within layouts/application (4.9ms)
Completed 200 OK in 140ms (Views: 13.4ms | ActiveRecord: 125.1ms)


Started GET "/assets/application.css?body=1" for 89.73.64.166 at 2012-01-06 17:08:42 +0100
Served asset /application.css - 304 Not Modified (0ms)


Started GET "/assets/restaurants.js?body=1" for 89.73.64.166 at 2012-01-06 17:08:42 +0100
Served asset /restaurants.js - 304 Not Modified (0ms)


Started GET "/assets/scaffolds.css?body=1" for 89.73.64.166 at 2012-01-06 17:08:42 +0100
Served asset /scaffolds.css - 304 Not Modified (0ms)


Started GET "/assets/jquery_ujs.js?body=1" for 89.73.64.166 at 2012-01-06 17:08:42 +0100
Served asset /jquery_ujs.js - 304 Not Modified (0ms)


Started GET "/assets/jquery.js?body=1" for 89.73.64.166 at 2012-01-06 17:08:42 +0100
Served asset /jquery.js - 304 Not Modified (0ms)


Started GET "/assets/restaurants.css?body=1" for 89.73.64.166 at 2012-01-06 17:08:42 +0100
Served asset /restaurants.css - 304 Not Modified (0ms)


Started GET "/assets/application.js?body=1" for 89.73.64.166 at 2012-01-06 17:08:42 +0100
Served asset /application.js - 304 Not Modified (0ms)


Started GET "/assets/images/indeks.png" for 89.73.64.166 at 2012-01-06 17:08:42 +0100
Served asset /images/indeks.png - 404 Not Found (2ms)

ActionController::RoutingError (No route matches [GET] "/assets/images/indeks.png"):
  

Rendered /home/studinf/usawicka/.gems/ruby/1.9.1/gems/actionpack-3.1.2/lib/action_dispatch/middleware/templates/rescues/routing_error.erb within rescues/layout (0.5ms)


Started GET "/assets/SMEGALOM.TTF" for 89.73.64.166 at 2012-01-06 17:08:43 +0100
Served asset /SMEGALOM.TTF - 304 Not Modified (0ms)


Started GET "/restaurants" for 89.73.64.166 at 2012-01-06 17:08:45 +0100
  Processing by RestaurantsController#index as HTML
  [1m[36mRestaurant Load (39.9ms)[0m  [1mSELECT "restaurants".* FROM "restaurants" [0m
Rendered restaurants/index.html.erb within layouts/application (36.1ms)
Completed 200 OK in 164ms (Views: 44.5ms | ActiveRecord: 119.0ms)


Started GET "/assets/application.css?body=1" for 89.73.64.166 at 2012-01-06 17:08:46 +0100
Served asset /application.css - 304 Not Modified (0ms)


Started GET "/assets/restaurants.js?body=1" for 89.73.64.166 at 2012-01-06 17:08:46 +0100
Served asset /restaurants.js - 304 Not Modified (0ms)


Started GET "/assets/restaurants.css?body=1" for 89.73.64.166 at 2012-01-06 17:08:46 +0100
Served asset /restaurants.css - 304 Not Modified (0ms)


Started GET "/assets/jquery.js?body=1" for 89.73.64.166 at 2012-01-06 17:08:46 +0100
Served asset /jquery.js - 304 Not Modified (0ms)


Started GET "/assets/jquery_ujs.js?body=1" for 89.73.64.166 at 2012-01-06 17:08:46 +0100
Served asset /jquery_ujs.js - 304 Not Modified (0ms)


Started GET "/assets/scaffolds.css?body=1" for 89.73.64.166 at 2012-01-06 17:08:46 +0100
Served asset /scaffolds.css - 304 Not Modified (0ms)


Started GET "/assets/application.js?body=1" for 89.73.64.166 at 2012-01-06 17:08:46 +0100
Served asset /application.js - 304 Not Modified (0ms)


Started GET "/assets/images/indeks.png" for 89.73.64.166 at 2012-01-06 17:08:46 +0100
Served asset /images/indeks.png - 404 Not Found (2ms)

ActionController::RoutingError (No route matches [GET] "/assets/images/indeks.png"):
  

Rendered /home/studinf/usawicka/.gems/ruby/1.9.1/gems/actionpack-3.1.2/lib/action_dispatch/middleware/templates/rescues/routing_error.erb within rescues/layout (0.5ms)


Started GET "/assets/SMEGALOM.TTF" for 89.73.64.166 at 2012-01-06 17:08:46 +0100
Served asset /SMEGALOM.TTF - 304 Not Modified (0ms)


Started GET "/assets/images/bg_dotted.png" for 89.73.64.166 at 2012-01-06 17:08:46 +0100
Served asset /images/bg_dotted.png - 404 Not Found (2ms)

ActionController::RoutingError (No route matches [GET] "/assets/images/bg_dotted.png"):
  

Rendered /home/studinf/usawicka/.gems/ruby/1.9.1/gems/actionpack-3.1.2/lib/action_dispatch/middleware/templates/rescues/routing_error.erb within rescues/layout (0.5ms)


Started GET "/restaurants/1/edit" for 89.73.64.166 at 2012-01-06 17:08:52 +0100
  Processing by RestaurantsController#edit as HTML
  Parameters: {"id"=>"1"}
  [1m[35mRestaurant Load (39.9ms)[0m  SELECT "restaurants".* FROM "restaurants" WHERE "restaurants"."id" = ? LIMIT 1  [["id", "1"]]
Rendered restaurants/_form.html.erb (574.9ms)
Rendered restaurants/edit.html.erb within layouts/application (590.1ms)
Completed 200 OK in 840ms (Views: 603.3ms | ActiveRecord: 235.5ms)


Started GET "/assets/application.css?body=1" for 89.73.64.166 at 2012-01-06 17:08:53 +0100
Served asset /application.css - 304 Not Modified (0ms)


Started GET "/assets/restaurants.js?body=1" for 89.73.64.166 at 2012-01-06 17:08:53 +0100
Served asset /restaurants.js - 304 Not Modified (0ms)


Started GET "/assets/jquery_ujs.js?body=1" for 89.73.64.166 at 2012-01-06 17:08:53 +0100
Served asset /jquery_ujs.js - 304 Not Modified (0ms)


Started GET "/assets/jquery.js?body=1" for 89.73.64.166 at 2012-01-06 17:08:53 +0100
Served asset /jquery.js - 304 Not Modified (0ms)


Started GET "/assets/restaurants.css?body=1" for 89.73.64.166 at 2012-01-06 17:08:53 +0100
Served asset /restaurants.css - 304 Not Modified (0ms)


Started GET "/assets/scaffolds.css?body=1" for 89.73.64.166 at 2012-01-06 17:08:54 +0100
Served asset /scaffolds.css - 304 Not Modified (0ms)


Started GET "/assets/application.js?body=1" for 89.73.64.166 at 2012-01-06 17:08:54 +0100
Served asset /application.js - 304 Not Modified (0ms)


Started GET "/assets/images/indeks.png" for 89.73.64.166 at 2012-01-06 17:08:54 +0100
Served asset /images/indeks.png - 404 Not Found (2ms)

ActionController::RoutingError (No route matches [GET] "/assets/images/indeks.png"):
  

Rendered /home/studinf/usawicka/.gems/ruby/1.9.1/gems/actionpack-3.1.2/lib/action_dispatch/middleware/templates/rescues/routing_error.erb within rescues/layout (0.5ms)


Started GET "/assets/SMEGALOM.TTF" for 89.73.64.166 at 2012-01-06 17:08:54 +0100
Served asset /SMEGALOM.TTF - 304 Not Modified (0ms)


Started PUT "/restaurants/1" for 89.73.64.166 at 2012-01-06 17:08:56 +0100
  Processing by RestaurantsController#update as HTML
  Parameters: {"utf8"=>"✓", "authenticity_token"=>"cPrJNwcFzAodu5GwaE7WrTzX82Oyd2izFFjRQLtF9h8=", "restaurant"=>{"name"=>"Da Grasso", "description"=>"Pizzeria"}, "commit"=>"Update Restaurant", "id"=>"1"}
  [1m[36mRestaurant Load (39.9ms)[0m  [1mSELECT "restaurants".* FROM "restaurants" WHERE "restaurants"."id" = ? LIMIT 1[0m  [["id", "1"]]
Redirected to http://sigma.ug.edu.pl:16009/restaurants/1
Completed 302 Found in 125ms


Started GET "/restaurants/1" for 89.73.64.166 at 2012-01-06 17:08:56 +0100
  Processing by RestaurantsController#show as HTML
  Parameters: {"id"=>"1"}
  [1m[35mRestaurant Load (39.9ms)[0m  SELECT "restaurants".* FROM "restaurants" WHERE "restaurants"."id" = ? LIMIT 1  [["id", "1"]]
Rendered restaurants/show.html.erb within layouts/application (4.3ms)
Completed 200 OK in 134ms (Views: 13.1ms | ActiveRecord: 120.0ms)


Started GET "/assets/application.css?body=1" for 89.73.64.166 at 2012-01-06 17:08:57 +0100
Served asset /application.css - 304 Not Modified (0ms)


Started GET "/assets/restaurants.js?body=1" for 89.73.64.166 at 2012-01-06 17:08:57 +0100
Served asset /restaurants.js - 304 Not Modified (0ms)


Started GET "/assets/jquery.js?body=1" for 89.73.64.166 at 2012-01-06 17:08:57 +0100
Served asset /jquery.js - 304 Not Modified (0ms)


Started GET "/assets/jquery_ujs.js?body=1" for 89.73.64.166 at 2012-01-06 17:08:57 +0100
Served asset /jquery_ujs.js - 304 Not Modified (0ms)


Started GET "/assets/scaffolds.css?body=1" for 89.73.64.166 at 2012-01-06 17:08:57 +0100
Served asset /scaffolds.css - 304 Not Modified (0ms)


Started GET "/assets/restaurants.css?body=1" for 89.73.64.166 at 2012-01-06 17:08:57 +0100
Served asset /restaurants.css - 304 Not Modified (0ms)


Started GET "/assets/application.js?body=1" for 89.73.64.166 at 2012-01-06 17:08:57 +0100
Served asset /application.js - 304 Not Modified (0ms)


Started GET "/assets/images/indeks.png" for 89.73.64.166 at 2012-01-06 17:08:57 +0100
Served asset /images/indeks.png - 404 Not Found (2ms)

ActionController::RoutingError (No route matches [GET] "/assets/images/indeks.png"):
  

Rendered /home/studinf/usawicka/.gems/ruby/1.9.1/gems/actionpack-3.1.2/lib/action_dispatch/middleware/templates/rescues/routing_error.erb within rescues/layout (0.5ms)


Started GET "/assets/SMEGALOM.TTF" for 89.73.64.166 at 2012-01-06 17:08:57 +0100
Served asset /SMEGALOM.TTF - 304 Not Modified (0ms)


Started GET "/restaurants" for 89.73.64.166 at 2012-01-06 17:08:59 +0100
  Processing by RestaurantsController#index as HTML
  [1m[36mRestaurant Load (39.9ms)[0m  [1mSELECT "restaurants".* FROM "restaurants" [0m
Rendered restaurants/index.html.erb within layouts/application (5.5ms)
Completed 200 OK in 177ms (Views: 56.6ms | ActiveRecord: 119.2ms)


Started GET "/assets/application.css?body=1" for 89.73.64.166 at 2012-01-06 17:09:00 +0100
Served asset /application.css - 304 Not Modified (0ms)


Started GET "/assets/restaurants.js?body=1" for 89.73.64.166 at 2012-01-06 17:09:00 +0100
Served asset /restaurants.js - 304 Not Modified (0ms)


Started GET "/assets/scaffolds.css?body=1" for 89.73.64.166 at 2012-01-06 17:09:00 +0100
Served asset /scaffolds.css - 304 Not Modified (0ms)


Started GET "/assets/restaurants.css?body=1" for 89.73.64.166 at 2012-01-06 17:09:00 +0100
Served asset /restaurants.css - 304 Not Modified (0ms)


Started GET "/assets/jquery.js?body=1" for 89.73.64.166 at 2012-01-06 17:09:00 +0100
Served asset /jquery.js - 304 Not Modified (0ms)


Started GET "/assets/jquery_ujs.js?body=1" for 89.73.64.166 at 2012-01-06 17:09:00 +0100
Served asset /jquery_ujs.js - 304 Not Modified (0ms)


Started GET "/assets/application.js?body=1" for 89.73.64.166 at 2012-01-06 17:09:00 +0100
Served asset /application.js - 304 Not Modified (0ms)


Started GET "/assets/images/indeks.png" for 89.73.64.166 at 2012-01-06 17:09:00 +0100
Served asset /images/indeks.png - 404 Not Found (35ms)

ActionController::RoutingError (No route matches [GET] "/assets/images/indeks.png"):
  

Rendered /home/studinf/usawicka/.gems/ruby/1.9.1/gems/actionpack-3.1.2/lib/action_dispatch/middleware/templates/rescues/routing_error.erb within rescues/layout (0.5ms)


Started GET "/assets/SMEGALOM.TTF" for 89.73.64.166 at 2012-01-06 17:09:00 +0100
Served asset /SMEGALOM.TTF - 304 Not Modified (0ms)


Started GET "/assets/images/bg_dotted.png" for 89.73.64.166 at 2012-01-06 17:09:00 +0100
Served asset /images/bg_dotted.png - 404 Not Found (2ms)

ActionController::RoutingError (No route matches [GET] "/assets/images/bg_dotted.png"):
  

Rendered /home/studinf/usawicka/.gems/ruby/1.9.1/gems/actionpack-3.1.2/lib/action_dispatch/middleware/templates/rescues/routing_error.erb within rescues/layout (0.4ms)


Started GET "/" for 89.73.64.166 at 2012-01-06 17:09:17 +0100
  Processing by RestaurantsController#index as HTML
  [1m[35mRestaurant Load (39.8ms)[0m  SELECT "restaurants".* FROM "restaurants" 
Rendered restaurants/index.html.erb within layouts/application (5.5ms)
Completed 200 OK in 177ms (Views: 20.3ms | ActiveRecord: 155.5ms)


Started GET "/assets/application.css?body=1" for 89.73.64.166 at 2012-01-06 17:09:18 +0100
Served asset /application.css - 304 Not Modified (0ms)


Started GET "/assets/scaffolds.css?body=1" for 89.73.64.166 at 2012-01-06 17:09:18 +0100
Served asset /scaffolds.css - 304 Not Modified (0ms)


Started GET "/assets/jquery_ujs.js?body=1" for 89.73.64.166 at 2012-01-06 17:09:18 +0100
Served asset /jquery_ujs.js - 304 Not Modified (0ms)


Started GET "/assets/restaurants.css?body=1" for 89.73.64.166 at 2012-01-06 17:09:18 +0100
Served asset /restaurants.css - 304 Not Modified (0ms)


Started GET "/assets/jquery.js?body=1" for 89.73.64.166 at 2012-01-06 17:09:18 +0100
Served asset /jquery.js - 304 Not Modified (0ms)


Started GET "/assets/application.js?body=1" for 89.73.64.166 at 2012-01-06 17:09:18 +0100
Served asset /application.js - 304 Not Modified (0ms)


Started GET "/assets/restaurants.js?body=1" for 89.73.64.166 at 2012-01-06 17:09:18 +0100
Served asset /restaurants.js - 304 Not Modified (0ms)


Started GET "/assets/images/indeks.png" for 89.73.64.166 at 2012-01-06 17:09:18 +0100
Served asset /images/indeks.png - 404 Not Found (43ms)

ActionController::RoutingError (No route matches [GET] "/assets/images/indeks.png"):
  

Rendered /home/studinf/usawicka/.gems/ruby/1.9.1/gems/actionpack-3.1.2/lib/action_dispatch/middleware/templates/rescues/routing_error.erb within rescues/layout (0.6ms)


Started GET "/assets/images/bg_dotted.png" for 89.73.64.166 at 2012-01-06 17:09:18 +0100
Served asset /images/bg_dotted.png - 404 Not Found (2ms)

ActionController::RoutingError (No route matches [GET] "/assets/images/bg_dotted.png"):
  

Rendered /home/studinf/usawicka/.gems/ruby/1.9.1/gems/actionpack-3.1.2/lib/action_dispatch/middleware/templates/rescues/routing_error.erb within rescues/layout (0.6ms)


Started GET "/assets/SMEGALOM.TTF" for 89.73.64.166 at 2012-01-06 17:09:18 +0100
Served asset /SMEGALOM.TTF - 304 Not Modified (0ms)


Started GET "/" for 89.73.64.166 at 2012-01-06 17:12:45 +0100
  Processing by RestaurantsController#index as HTML
  [1m[36mRestaurant Load (120.2ms)[0m  [1mSELECT "restaurants".* FROM "restaurants" [0m
Rendered restaurants/index.html.erb within layouts/application (24.6ms)
Completed 200 OK in 389ms (Views: 177.5ms | ActiveRecord: 209.9ms)


Started GET "/assets/application.css?body=1" for 89.73.64.166 at 2012-01-06 17:12:46 +0100
Served asset /application.css - 200 OK (9ms)


Started GET "/assets/restaurants.js?body=1" for 89.73.64.166 at 2012-01-06 17:12:46 +0100
Served asset /restaurants.js - 304 Not Modified (2ms)


Started GET "/assets/jquery.js?body=1" for 89.73.64.166 at 2012-01-06 17:12:46 +0100
Served asset /jquery.js - 304 Not Modified (30ms)


Started GET "/assets/scaffolds.css?body=1" for 89.73.64.166 at 2012-01-06 17:12:46 +0100
Served asset /scaffolds.css - 200 OK (39ms)


Started GET "/assets/restaurants.css?body=1" for 89.73.64.166 at 2012-01-06 17:12:46 +0100
Served asset /restaurants.css - 304 Not Modified (3ms)


Started GET "/assets/jquery_ujs.js?body=1" for 89.73.64.166 at 2012-01-06 17:12:46 +0100
Served asset /jquery_ujs.js - 304 Not Modified (3ms)


Started GET "/assets/application.js?body=1" for 89.73.64.166 at 2012-01-06 17:12:46 +0100
Served asset /application.js - 200 OK (6ms)


Started GET "/assets/images/indeks.png" for 89.73.64.166 at 2012-01-06 17:12:47 +0100
Served asset /images/indeks.png - 404 Not Found (2ms)

ActionController::RoutingError (No route matches [GET] "/assets/images/indeks.png"):
  

Rendered /home/studinf/usawicka/.gems/ruby/1.9.1/gems/actionpack-3.1.2/lib/action_dispatch/middleware/templates/rescues/routing_error.erb within rescues/layout (0.5ms)


Started GET "/assets/SMEGALOM.TTF" for 89.73.64.166 at 2012-01-06 17:12:47 +0100
Served asset /SMEGALOM.TTF - 200 OK (4ms)


Started GET "/assets/images/bg_dotted.png" for 89.73.64.166 at 2012-01-06 17:12:47 +0100
Served asset /images/bg_dotted.png - 404 Not Found (2ms)

ActionController::RoutingError (No route matches [GET] "/assets/images/bg_dotted.png"):
  

Rendered /home/studinf/usawicka/.gems/ruby/1.9.1/gems/actionpack-3.1.2/lib/action_dispatch/middleware/templates/rescues/routing_error.erb within rescues/layout (0.6ms)


Started GET "/" for 89.73.64.166 at 2012-01-06 17:13:22 +0100
  Processing by RestaurantsController#index as HTML
  [1m[35mRestaurant Load (92.2ms)[0m  SELECT "restaurants".* FROM "restaurants" 
Rendered restaurants/index.html.erb within layouts/application (6.2ms)
Completed 200 OK in 236ms (Views: 15.7ms | ActiveRecord: 219.0ms)


Started GET "/assets/application.css?body=1" for 89.73.64.166 at 2012-01-06 17:13:23 +0100
Served asset /application.css - 304 Not Modified (0ms)


Started GET "/assets/restaurants.js?body=1" for 89.73.64.166 at 2012-01-06 17:13:23 +0100
Served asset /restaurants.js - 304 Not Modified (0ms)


Started GET "/assets/scaffolds.css?body=1" for 89.73.64.166 at 2012-01-06 17:13:23 +0100
Served asset /scaffolds.css - 304 Not Modified (0ms)


Started GET "/assets/jquery_ujs.js?body=1" for 89.73.64.166 at 2012-01-06 17:13:23 +0100
Served asset /jquery_ujs.js - 304 Not Modified (0ms)


Started GET "/assets/jquery.js?body=1" for 89.73.64.166 at 2012-01-06 17:13:23 +0100
Served asset /jquery.js - 304 Not Modified (0ms)


Started GET "/assets/restaurants.css?body=1" for 89.73.64.166 at 2012-01-06 17:13:23 +0100
Served asset /restaurants.css - 304 Not Modified (0ms)


Started GET "/assets/application.js?body=1" for 89.73.64.166 at 2012-01-06 17:13:23 +0100
Served asset /application.js - 304 Not Modified (0ms)


Started GET "/assets/images/indeks.png" for 89.73.64.166 at 2012-01-06 17:13:23 +0100
Served asset /images/indeks.png - 404 Not Found (2ms)

ActionController::RoutingError (No route matches [GET] "/assets/images/indeks.png"):
  

Rendered /home/studinf/usawicka/.gems/ruby/1.9.1/gems/actionpack-3.1.2/lib/action_dispatch/middleware/templates/rescues/routing_error.erb within rescues/layout (0.5ms)


Started GET "/assets/images/bg_dotted.png" for 89.73.64.166 at 2012-01-06 17:13:24 +0100
Served asset /images/bg_dotted.png - 404 Not Found (2ms)

ActionController::RoutingError (No route matches [GET] "/assets/images/bg_dotted.png"):
  

Rendered /home/studinf/usawicka/.gems/ruby/1.9.1/gems/actionpack-3.1.2/lib/action_dispatch/middleware/templates/rescues/routing_error.erb within rescues/layout (0.4ms)


Started GET "/assets/SMEGALOM.TTF" for 89.73.64.166 at 2012-01-06 17:13:24 +0100
Served asset /SMEGALOM.TTF - 304 Not Modified (0ms)


Started GET "/" for 89.73.64.166 at 2012-01-06 17:13:52 +0100
  Processing by RestaurantsController#index as HTML
  [1m[36mRestaurant Load (39.9ms)[0m  [1mSELECT "restaurants".* FROM "restaurants" [0m
Rendered restaurants/index.html.erb within layouts/application (5.9ms)
Completed 200 OK in 292ms (Views: 136.1ms | ActiveRecord: 154.6ms)


Started GET "/assets/application.css?body=1" for 89.73.64.166 at 2012-01-06 17:13:53 +0100
Served asset /application.css - 304 Not Modified (0ms)


Started GET "/assets/restaurants.css?body=1" for 89.73.64.166 at 2012-01-06 17:13:53 +0100
Served asset /restaurants.css - 304 Not Modified (0ms)


Started GET "/assets/scaffolds.css?body=1" for 89.73.64.166 at 2012-01-06 17:13:53 +0100
Served asset /scaffolds.css - 304 Not Modified (0ms)


Started GET "/assets/jquery_ujs.js?body=1" for 89.73.64.166 at 2012-01-06 17:13:53 +0100
Served asset /jquery_ujs.js - 304 Not Modified (0ms)


Started GET "/assets/restaurants.js?body=1" for 89.73.64.166 at 2012-01-06 17:13:53 +0100
Served asset /restaurants.js - 304 Not Modified (0ms)


Started GET "/assets/jquery.js?body=1" for 89.73.64.166 at 2012-01-06 17:13:53 +0100
Served asset /jquery.js - 304 Not Modified (0ms)


Started GET "/assets/application.js?body=1" for 89.73.64.166 at 2012-01-06 17:13:53 +0100
Served asset /application.js - 304 Not Modified (0ms)


Started GET "/assets/images/indeks.png" for 89.73.64.166 at 2012-01-06 17:13:53 +0100
Served asset /images/indeks.png - 404 Not Found (191ms)

ActionController::RoutingError (No route matches [GET] "/assets/images/indeks.png"):
  

Rendered /home/studinf/usawicka/.gems/ruby/1.9.1/gems/actionpack-3.1.2/lib/action_dispatch/middleware/templates/rescues/routing_error.erb within rescues/layout (0.5ms)


Started GET "/assets/images/bg_dotted.png" for 89.73.64.166 at 2012-01-06 17:13:54 +0100
Served asset /images/bg_dotted.png - 404 Not Found (2ms)

ActionController::RoutingError (No route matches [GET] "/assets/images/bg_dotted.png"):
  

Rendered /home/studinf/usawicka/.gems/ruby/1.9.1/gems/actionpack-3.1.2/lib/action_dispatch/middleware/templates/rescues/routing_error.erb within rescues/layout (0.6ms)


Started GET "/assets/SMEGALOM.TTF" for 89.73.64.166 at 2012-01-06 17:13:54 +0100
Served asset /SMEGALOM.TTF - 304 Not Modified (0ms)


Started GET "/" for 89.73.64.166 at 2012-01-06 17:14:12 +0100
  Processing by RestaurantsController#index as HTML
  [1m[35mRestaurant Load (39.9ms)[0m  SELECT "restaurants".* FROM "restaurants" 
Rendered restaurants/index.html.erb within layouts/application (6.1ms)
Completed 200 OK in 135ms (Views: 15.1ms | ActiveRecord: 119.0ms)


Started GET "/assets/application.css?body=1" for 89.73.64.166 at 2012-01-06 17:14:13 +0100
Served asset /application.css - 304 Not Modified (0ms)


Started GET "/assets/restaurants.js?body=1" for 89.73.64.166 at 2012-01-06 17:14:13 +0100
Served asset /restaurants.js - 304 Not Modified (0ms)


Started GET "/assets/scaffolds.css?body=1" for 89.73.64.166 at 2012-01-06 17:14:13 +0100
Served asset /scaffolds.css - 304 Not Modified (0ms)


Started GET "/assets/jquery_ujs.js?body=1" for 89.73.64.166 at 2012-01-06 17:14:13 +0100
Served asset /jquery_ujs.js - 304 Not Modified (0ms)


Started GET "/assets/jquery.js?body=1" for 89.73.64.166 at 2012-01-06 17:14:13 +0100
Served asset /jquery.js - 304 Not Modified (0ms)


Started GET "/assets/restaurants.css?body=1" for 89.73.64.166 at 2012-01-06 17:14:13 +0100
Served asset /restaurants.css - 304 Not Modified (0ms)


Started GET "/assets/application.js?body=1" for 89.73.64.166 at 2012-01-06 17:14:13 +0100
Served asset /application.js - 304 Not Modified (0ms)


Started GET "/assets/images/indeks.png" for 89.73.64.166 at 2012-01-06 17:14:13 +0100
Served asset /images/indeks.png - 404 Not Found (2ms)

ActionController::RoutingError (No route matches [GET] "/assets/images/indeks.png"):
  

Rendered /home/studinf/usawicka/.gems/ruby/1.9.1/gems/actionpack-3.1.2/lib/action_dispatch/middleware/templates/rescues/routing_error.erb within rescues/layout (0.5ms)


Started GET "/assets/SMEGALOM.TTF" for 89.73.64.166 at 2012-01-06 17:14:13 +0100
Served asset /SMEGALOM.TTF - 304 Not Modified (0ms)


Started GET "/assets/images/bg_dotted.png" for 89.73.64.166 at 2012-01-06 17:14:13 +0100
Served asset /images/bg_dotted.png - 404 Not Found (2ms)

ActionController::RoutingError (No route matches [GET] "/assets/images/bg_dotted.png"):
  

Rendered /home/studinf/usawicka/.gems/ruby/1.9.1/gems/actionpack-3.1.2/lib/action_dispatch/middleware/templates/rescues/routing_error.erb within rescues/layout (0.5ms)


Started GET "/" for 89.73.64.166 at 2012-01-06 17:15:06 +0100
  Processing by RestaurantsController#index as HTML
  [1m[36mRestaurant Load (3.7ms)[0m  [1mSELECT "restaurants".* FROM "restaurants" [0m
Rendered restaurants/index.html.erb within layouts/application (5.8ms)
Completed 200 OK in 311ms (Views: 63.2ms | ActiveRecord: 246.3ms)


Started GET "/assets/application.css?body=1" for 89.73.64.166 at 2012-01-06 17:15:07 +0100
Served asset /application.css - 304 Not Modified (0ms)


Started GET "/assets/jquery_ujs.js?body=1" for 89.73.64.166 at 2012-01-06 17:15:07 +0100
Served asset /jquery_ujs.js - 304 Not Modified (0ms)


Started GET "/assets/jquery.js?body=1" for 89.73.64.166 at 2012-01-06 17:15:07 +0100
Served asset /jquery.js - 304 Not Modified (0ms)


Started GET "/assets/restaurants.js?body=1" for 89.73.64.166 at 2012-01-06 17:15:07 +0100
Served asset /restaurants.js - 304 Not Modified (0ms)


Started GET "/assets/scaffolds.css?body=1" for 89.73.64.166 at 2012-01-06 17:15:07 +0100
Served asset /scaffolds.css - 304 Not Modified (0ms)


Started GET "/assets/restaurants.css?body=1" for 89.73.64.166 at 2012-01-06 17:15:07 +0100
Served asset /restaurants.css - 304 Not Modified (0ms)


Started GET "/assets/application.js?body=1" for 89.73.64.166 at 2012-01-06 17:15:07 +0100
Served asset /application.js - 304 Not Modified (0ms)


Started GET "/assets/images/indeks.png" for 89.73.64.166 at 2012-01-06 17:15:07 +0100
Served asset /images/indeks.png - 404 Not Found (42ms)

ActionController::RoutingError (No route matches [GET] "/assets/images/indeks.png"):
  

Rendered /home/studinf/usawicka/.gems/ruby/1.9.1/gems/actionpack-3.1.2/lib/action_dispatch/middleware/templates/rescues/routing_error.erb within rescues/layout (0.5ms)


Started GET "/assets/SMEGALOM.TTF" for 89.73.64.166 at 2012-01-06 17:15:07 +0100
Served asset /SMEGALOM.TTF - 304 Not Modified (0ms)


Started GET "/assets/images/bg_dotted.png" for 89.73.64.166 at 2012-01-06 17:15:07 +0100
Served asset /images/bg_dotted.png - 404 Not Found (2ms)

ActionController::RoutingError (No route matches [GET] "/assets/images/bg_dotted.png"):
  

Rendered /home/studinf/usawicka/.gems/ruby/1.9.1/gems/actionpack-3.1.2/lib/action_dispatch/middleware/templates/rescues/routing_error.erb within rescues/layout (0.5ms)


Started GET "/" for 89.73.64.166 at 2012-01-06 17:15:33 +0100
  Processing by RestaurantsController#index as HTML
  [1m[35mRestaurant Load (79.8ms)[0m  SELECT "restaurants".* FROM "restaurants" 
Rendered restaurants/index.html.erb within layouts/application (6.0ms)
Completed 200 OK in 292ms (Views: 15.3ms | ActiveRecord: 275.6ms)


Started GET "/assets/application.css?body=1" for 89.73.64.166 at 2012-01-06 17:15:34 +0100
Served asset /application.css - 304 Not Modified (0ms)


Started GET "/assets/scaffolds.css?body=1" for 89.73.64.166 at 2012-01-06 17:15:34 +0100
Served asset /scaffolds.css - 304 Not Modified (0ms)


Started GET "/assets/jquery.js?body=1" for 89.73.64.166 at 2012-01-06 17:15:34 +0100
Served asset /jquery.js - 304 Not Modified (0ms)


Started GET "/assets/restaurants.js?body=1" for 89.73.64.166 at 2012-01-06 17:15:34 +0100
Served asset /restaurants.js - 304 Not Modified (0ms)


Started GET "/assets/restaurants.css?body=1" for 89.73.64.166 at 2012-01-06 17:15:34 +0100
Served asset /restaurants.css - 304 Not Modified (0ms)


Started GET "/assets/application.js?body=1" for 89.73.64.166 at 2012-01-06 17:15:34 +0100
Served asset /application.js - 304 Not Modified (0ms)


Started GET "/assets/jquery_ujs.js?body=1" for 89.73.64.166 at 2012-01-06 17:15:34 +0100
Served asset /jquery_ujs.js - 304 Not Modified (0ms)


Started GET "/assets/images/indeks.png" for 89.73.64.166 at 2012-01-06 17:15:34 +0100
Served asset /images/indeks.png - 404 Not Found (2ms)

ActionController::RoutingError (No route matches [GET] "/assets/images/indeks.png"):
  

Rendered /home/studinf/usawicka/.gems/ruby/1.9.1/gems/actionpack-3.1.2/lib/action_dispatch/middleware/templates/rescues/routing_error.erb within rescues/layout (0.5ms)


Started GET "/assets/SMEGALOM.TTF" for 89.73.64.166 at 2012-01-06 17:15:34 +0100
Served asset /SMEGALOM.TTF - 304 Not Modified (0ms)


Started GET "/assets/images/bg_dotted.png" for 89.73.64.166 at 2012-01-06 17:15:34 +0100
Served asset /images/bg_dotted.png - 404 Not Found (2ms)

ActionController::RoutingError (No route matches [GET] "/assets/images/bg_dotted.png"):
  

Rendered /home/studinf/usawicka/.gems/ruby/1.9.1/gems/actionpack-3.1.2/lib/action_dispatch/middleware/templates/rescues/routing_error.erb within rescues/layout (0.5ms)


Started GET "/" for 89.73.64.166 at 2012-01-06 17:16:17 +0100
  Processing by RestaurantsController#index as HTML
  [1m[36mRestaurant Load (39.8ms)[0m  [1mSELECT "restaurants".* FROM "restaurants" [0m
Rendered restaurants/index.html.erb within layouts/application (5.9ms)
Completed 200 OK in 142ms (Views: 21.5ms | ActiveRecord: 119.0ms)


Started GET "/assets/application.css?body=1" for 89.73.64.166 at 2012-01-06 17:16:17 +0100
Served asset /application.css - 304 Not Modified (0ms)


Started GET "/assets/restaurants.css?body=1" for 89.73.64.166 at 2012-01-06 17:16:17 +0100
Served asset /restaurants.css - 304 Not Modified (0ms)


Started GET "/assets/jquery.js?body=1" for 89.73.64.166 at 2012-01-06 17:16:17 +0100
Served asset /jquery.js - 304 Not Modified (0ms)


Started GET "/assets/restaurants.js?body=1" for 89.73.64.166 at 2012-01-06 17:16:17 +0100
Served asset /restaurants.js - 304 Not Modified (0ms)


Started GET "/assets/scaffolds.css?body=1" for 89.73.64.166 at 2012-01-06 17:16:17 +0100
Served asset /scaffolds.css - 304 Not Modified (0ms)


Started GET "/assets/jquery_ujs.js?body=1" for 89.73.64.166 at 2012-01-06 17:16:17 +0100
Served asset /jquery_ujs.js - 304 Not Modified (0ms)


Started GET "/assets/application.js?body=1" for 89.73.64.166 at 2012-01-06 17:16:18 +0100
Served asset /application.js - 304 Not Modified (0ms)


Started GET "/assets/images/indeks.png" for 89.73.64.166 at 2012-01-06 17:16:18 +0100
Served asset /images/indeks.png - 404 Not Found (42ms)

ActionController::RoutingError (No route matches [GET] "/assets/images/indeks.png"):
  

Rendered /home/studinf/usawicka/.gems/ruby/1.9.1/gems/actionpack-3.1.2/lib/action_dispatch/middleware/templates/rescues/routing_error.erb within rescues/layout (0.6ms)


Started GET "/assets/images/bg_dotted.png" for 89.73.64.166 at 2012-01-06 17:16:18 +0100
Served asset /images/bg_dotted.png - 404 Not Found (2ms)

ActionController::RoutingError (No route matches [GET] "/assets/images/bg_dotted.png"):
  

Rendered /home/studinf/usawicka/.gems/ruby/1.9.1/gems/actionpack-3.1.2/lib/action_dispatch/middleware/templates/rescues/routing_error.erb within rescues/layout (0.6ms)


Started GET "/assets/SMEGALOM.TTF" for 89.73.64.166 at 2012-01-06 17:16:18 +0100
Served asset /SMEGALOM.TTF - 304 Not Modified (0ms)
